nohup: ignoring input
#0 building with "default" instance using docker driver

#1 [internal] load build definition from Containerfile
#1 transferring dockerfile: 5.59kB done
#1 DONE 0.1s

#2 [internal] load metadata for docker.io/library/python:3.11.9-slim-bookworm
#2 DONE 1.4s

#3 [internal] load .dockerignore
#3 transferring context: 83B done
#3 DONE 0.0s

#4 [base 1/5] FROM docker.io/library/python:3.11.9-slim-bookworm@sha256:8fb099199b9f2d70342674bd9dbccd3ed03a258f26bbd1d556822c6dfc60c317
#4 DONE 0.0s

#5 [internal] load build context
#5 transferring context: 383B done
#5 DONE 0.0s

#6 [backend 1/7] COPY --from=builder --chown=frappe:frappe /home/frappe/frappe-bench /home/frappe/frappe-bench
#6 CACHED

#7 [base 2/5] COPY resources/core/nginx/nginx-template.conf /templates/nginx/frappe.conf.template
#7 CACHED

#8 [base 3/5] COPY resources/core/nginx/nginx-entrypoint.sh /usr/local/bin/nginx-entrypoint.sh
#8 CACHED

#9 [base 4/5] COPY resources/core/nginx/security_headers.conf /etc/nginx/snippets/security_headers.conf
#9 CACHED

#10 [backend 6/7] COPY resources/core/start.sh /usr/local/bin/start.sh
#10 CACHED

#11 [backend 4/7] COPY resources/core/main-entrypoint.sh /usr/local/bin/entrypoint.sh
#11 CACHED

#12 [backend 3/7] RUN cp -r /home/frappe/frappe-bench/sites/assets /home/frappe/frappe-bench/assets &&   rm -rf /home/frappe/frappe-bench/sites/assets
#12 CACHED

#13 [backend 2/7] WORKDIR /home/frappe/frappe-bench
#13 CACHED

#14 [builder 1/2] RUN apt-get update     && DEBIAN_FRONTEND=noninteractive apt-get install --no-install-recommends -y     wget     libcairo2-dev     libpango1.0-dev     libjpeg-dev     libgif-dev     librsvg2-dev     libpq-dev     libffi-dev     liblcms2-dev     libldap2-dev     libmariadb-dev     libsasl2-dev     libtiff5-dev     libwebp-dev     pkg-config     redis-tools     rlwrap     tk8.6-dev     cron     gcc     build-essential     libbz2-dev     && rm -rf /var/lib/apt/lists/*
#14 CACHED

#15 [backend 5/7] RUN chmod 755 /usr/local/bin/entrypoint.sh
#15 CACHED

#16 [builder 2/2] RUN --mount=type=secret,id=apps_json,target=/opt/frappe/apps.json,uid=1000,gid=1000   : "" &&   export APP_INSTALL_ARGS="" &&   if [ -f /opt/frappe/apps.json ] && [ -s /opt/frappe/apps.json ]; then     export APP_INSTALL_ARGS="--apps_path=/opt/frappe/apps.json";   fi &&   bench init ${APP_INSTALL_ARGS}    --frappe-branch=version-15     --frappe-path=https://github.com/frappe/frappe     --no-procfile     --no-backups     --skip-redis-config-generation     --verbose     /home/frappe/frappe-bench &&   cd /home/frappe/frappe-bench &&   echo "{}" > sites/common_site_config.json &&   find apps -mindepth 1 -path "*/.git" | xargs rm -fr
#16 CACHED

#17 [base 5/5] RUN useradd -ms /bin/bash frappe     && apt-get update     && apt-get install --no-install-recommends -y     curl     git     vim     nginx     gettext-base     file     libpango-1.0-0     libharfbuzz0b     libpangoft2-1.0-0     libpangocairo-1.0-0     restic     gpg     mariadb-client     less     libpq-dev     postgresql-client     wait-for-it     jq     media-types     && mkdir -p /home/frappe/.nvm     && curl -o- https://raw.githubusercontent.com/nvm-sh/nvm/v0.39.5/install.sh | bash     && . /home/frappe/.nvm/nvm.sh     && nvm install 18.20.2     && nvm use v18.20.2     && npm install -g yarn     && corepack enable pnpm     && nvm alias default v18.20.2     && rm -rf /home/frappe/.nvm/.cache     && echo 'export NVM_DIR="/home/frappe/.nvm"' >>/home/frappe/.bashrc     && echo '[ -s "$NVM_DIR/nvm.sh" ] && \. "$NVM_DIR/nvm.sh"  # This loads nvm' >>/home/frappe/.bashrc     && echo '[ -s "$NVM_DIR/bash_completion" ] && \. "$NVM_DIR/bash_completion"  # This loads nvm bash_completion' >>/home/frappe/.bashrc     && if [ "$(uname -m)" = "aarch64" ]; then export ARCH=arm64; fi     && if [ "$(uname -m)" = "x86_64" ]; then export ARCH=amd64; fi     && downloaded_file=wkhtmltox_0.12.6.1-3.bookworm_${ARCH}.deb     && curl -sLO https://github.com/wkhtmltopdf/packaging/releases/download/0.12.6.1-3/$downloaded_file     && apt-get install -y ./$downloaded_file     && rm $downloaded_file     && if [ "true" != "false" ]; then         DEBIAN_FRONTEND=noninteractive apt-get install --no-install-recommends -y         chromium-headless-shell;     fi     && rm -rf /var/lib/apt/lists/*     && rm -fr /etc/nginx/sites-enabled/default     && mkdir -p /etc/nginx/snippets     && pip3 install frappe-bench     && sed -i '/user www-data/d' /etc/nginx/nginx.conf     && ln -sf /dev/stdout /var/log/nginx/access.log && ln -sf /dev/stderr /var/log/nginx/error.log     && touch /run/nginx.pid     && chown -R frappe:frappe /etc/nginx/conf.d     && chown -R frappe:frappe /etc/nginx/nginx.conf     && chown -R frappe:frappe /etc/nginx/snippets     && chown -R frappe:frappe /var/log/nginx     && chown -R frappe:frappe /var/lib/nginx     && chown -R frappe:frappe /run/nginx.pid     && chmod 755 /usr/local/bin/nginx-entrypoint.sh     && chmod 644 /templates/nginx/frappe.conf.template
#17 CACHED

#18 [backend 7/7] RUN chmod 755 /usr/local/bin/start.sh
#18 CACHED

#19 exporting to image
#19 exporting layers done
#19 writing image sha256:7d7c4b855decb77e180ae024b91a8ca0dbc6f49cc9e2de3fd554d79a0b0bb24f 0.0s done
#19 naming to ghcr.io/puzzo-dev/opscloud/opsnext0626.1:latest
#19 naming to ghcr.io/puzzo-dev/opscloud/opsnext0626.1:latest done
#19 DONE 0.0s
